Flow report for orpsoc_top
Sat Feb 27 18:25:16 2016
Quartus II 64-Bit Version 14.0.0 Build 200 06/17/2014 SJ Web Edition


---------------------
; Table of Contents ;
---------------------
  1. Legal Notice
  2. Flow Summary
  3. Flow Settings
  4. Flow Non-Default Global Settings
  5. Flow Elapsed Time
  6. Flow OS Summary
  7. Flow Log
  8. Flow Messages
  9. Flow Suppressed Messages



----------------
; Legal Notice ;
----------------
Copyright (C) 1991-2014 Altera Corporation. All rights reserved.
Your use of Altera Corporation's design tools, logic functions 
and other software and tools, and its AMPP partner logic 
functions, and any output files from any of the foregoing 
(including device programming or simulation files), and any 
associated documentation or information are expressly subject 
to the terms and conditions of the Altera Program License 
Subscription Agreement, the Altera Quartus II License Agreement,
the Altera MegaCore Function License Agreement, or other 
applicable license agreement, including, without limitation, 
that your use is for the sole purpose of programming logic 
devices manufactured by Altera and sold by Altera or its 
authorized distributors.  Please refer to the applicable 
agreement for further details.



+---------------------------------------------------------------------------------+
; Flow Summary                                                                    ;
+------------------------------------+--------------------------------------------+
; Flow Status                        ; Successful - Sat Feb 27 18:25:16 2016      ;
; Quartus II 64-Bit Version          ; 14.0.0 Build 200 06/17/2014 SJ Web Edition ;
; Revision Name                      ; orpsoc_top                                 ;
; Top-level Entity Name              ; orpsoc_top                                 ;
; Family                             ; Cyclone IV GX                              ;
; Device                             ; EP4CGX150DF31C7                            ;
; Timing Models                      ; Final                                      ;
; Total logic elements               ; 35,461 / 149,760 ( 24 % )                  ;
;     Total combinational functions  ; 32,685 / 149,760 ( 22 % )                  ;
;     Dedicated logic registers      ; 10,578 / 149,760 ( 7 % )                   ;
; Total registers                    ; 10578                                      ;
; Total pins                         ; 53 / 508 ( 10 % )                          ;
; Total virtual pins                 ; 0                                          ;
; Total memory bits                  ; 1,471,104 / 6,635,520 ( 22 % )             ;
; Embedded Multiplier 9-bit elements ; 10 / 720 ( 1 % )                           ;
; Total GXB Receiver Channel PCS     ; 0 / 8 ( 0 % )                              ;
; Total GXB Receiver Channel PMA     ; 0 / 8 ( 0 % )                              ;
; Total GXB Transmitter Channel PCS  ; 0 / 8 ( 0 % )                              ;
; Total GXB Transmitter Channel PMA  ; 0 / 8 ( 0 % )                              ;
; Total PLLs                         ; 1 / 8 ( 13 % )                             ;
+------------------------------------+--------------------------------------------+


+-----------------------------------------+
; Flow Settings                           ;
+-------------------+---------------------+
; Option            ; Setting             ;
+-------------------+---------------------+
; Start date & time ; 02/27/2016 18:14:44 ;
; Main task         ; Compilation         ;
; Revision Name     ; orpsoc_top          ;
+-------------------+---------------------+


+------------------------------------------------------------------------------------------------------------------------------------------------------------------------------------------------------+
; Flow Non-Default Global Settings                                                                                                                                                                     ;
+-------------------------------------+-----------------------------------------------------------------------------------------------------------------+---------------+-------------+----------------+
; Assignment Name                     ; Value                                                                                                           ; Default Value ; Entity Name ; Section Id     ;
+-------------------------------------+-----------------------------------------------------------------------------------------------------------------+---------------+-------------+----------------+
; COMPILER_SIGNATURE_ID               ; 26403108185067.145656808307039                                                                                  ; --            ; --          ; --             ;
; EDA_OUTPUT_DATA_FORMAT              ; Vhdl                                                                                                            ; --            ; --          ; eda_simulation ;
; EDA_SIMULATION_TOOL                 ; ModelSim-Altera (VHDL)                                                                                          ; <None>        ; --          ; --             ;
; ENABLE_LOGIC_ANALYZER_INTERFACE     ; Off                                                                                                             ; --            ; --          ; --             ;
; ENABLE_SIGNALTAP                    ; Off                                                                                                             ; --            ; --          ; --             ;
; MAX_CORE_JUNCTION_TEMP              ; 85                                                                                                              ; --            ; --          ; --             ;
; MIN_CORE_JUNCTION_TEMP              ; 0                                                                                                               ; --            ; --          ; --             ;
; OUTPUT_IO_TIMING_FAR_END_VMEAS      ; Half Signal Swing                                                                                               ; --            ; --          ; --             ;
; OUTPUT_IO_TIMING_FAR_END_VMEAS      ; Half Signal Swing                                                                                               ; --            ; --          ; --             ;
; OUTPUT_IO_TIMING_NEAR_END_VMEAS     ; Half Vccio                                                                                                      ; --            ; --          ; --             ;
; OUTPUT_IO_TIMING_NEAR_END_VMEAS     ; Half Vccio                                                                                                      ; --            ; --          ; --             ;
; PARTITION_COLOR                     ; 16764057                                                                                                        ; --            ; --          ; Top            ;
; PARTITION_FITTER_PRESERVATION_LEVEL ; PLACEMENT_AND_ROUTING                                                                                           ; --            ; --          ; Top            ;
; PARTITION_NETLIST_TYPE              ; SOURCE                                                                                                          ; --            ; --          ; Top            ;
; POWER_BOARD_THERMAL_MODEL           ; None (CONSERVATIVE)                                                                                             ; --            ; --          ; --             ;
; POWER_PRESET_COOLING_SOLUTION       ; 23 MM HEAT SINK WITH 200 LFPM AIRFLOW                                                                           ; --            ; --          ; --             ;
; PROJECT_OUTPUT_DIRECTORY            ; output_files                                                                                                    ; --            ; --          ; --             ;
; SEARCH_PATH                         ; /home/bony/PhD/CypherDB-FPGA/altera/de2i-150/cypherdb/implementation/sw/bootrom                                 ; --            ; --          ; --             ;
; SEARCH_PATH                         ; /home/bony/PhD/CypherDB-FPGA/altera/de2i-150/cypherdb/implementation/rtl/verilog/versatile_mem_ctrl/rtl/verilog ; --            ; --          ; --             ;
; SEARCH_PATH                         ; /home/bony/PhD/CypherDB-FPGA/altera/de2i-150/cypherdb/implementation/rtl/verilog/include                        ; --            ; --          ; --             ;
; SEARCH_PATH                         ; /home/bony/PhD/CypherDB-FPGA/altera/de2i-150/cypherdb/implementation/run                                        ; --            ; --          ; --             ;
; USE_SIGNALTAP_FILE                  ; stp1.stp                                                                                                        ; --            ; --          ; --             ;
+-------------------------------------+-----------------------------------------------------------------------------------------------------------------+---------------+-------------+----------------+


+-------------------------------------------------------------------------------------------------------------------------------+
; Flow Elapsed Time                                                                                                             ;
+---------------------------+--------------+-------------------------+---------------------+------------------------------------+
; Module Name               ; Elapsed Time ; Average Processors Used ; Peak Virtual Memory ; Total CPU Time (on all processors) ;
+---------------------------+--------------+-------------------------+---------------------+------------------------------------+
; Analysis & Synthesis      ; 00:04:04     ; 1.0                     ; 1269 MB             ; 00:04:05                           ;
; Fitter                    ; 00:04:22     ; 2.1                     ; 1952 MB             ; 00:08:10                           ;
; Assembler                 ; 00:00:12     ; 1.0                     ; 862 MB              ; 00:00:12                           ;
; TimeQuest Timing Analyzer ; 00:00:25     ; 1.5                     ; 1361 MB             ; 00:00:32                           ;
; EDA Netlist Writer        ; 00:00:44     ; 1.0                     ; 1308 MB             ; 00:00:44                           ;
; Total                     ; 00:09:47     ; --                      ; --                  ; 00:13:43                           ;
+---------------------------+--------------+-------------------------+---------------------+------------------------------------+


+---------------------------------------------------------------------------------------------+
; Flow OS Summary                                                                             ;
+---------------------------+------------------+----------------+------------+----------------+
; Module Name               ; Machine Hostname ; OS Name        ; OS Version ; Processor type ;
+---------------------------+------------------+----------------+------------+----------------+
; Analysis & Synthesis      ; Bony-HKU         ; Ubuntu 12.04.5 ; 12         ; x86_64         ;
; Fitter                    ; Bony-HKU         ; Ubuntu 12.04.5 ; 12         ; x86_64         ;
; Assembler                 ; Bony-HKU         ; Ubuntu 12.04.5 ; 12         ; x86_64         ;
; TimeQuest Timing Analyzer ; Bony-HKU         ; Ubuntu 12.04.5 ; 12         ; x86_64         ;
; EDA Netlist Writer        ; Bony-HKU         ; Ubuntu 12.04.5 ; 12         ; x86_64         ;
+---------------------------+------------------+----------------+------------+----------------+


------------
; Flow Log ;
------------
quartus_map --read_settings_files=on --write_settings_files=off orpsoc_top -c orpsoc_top
quartus_fit --read_settings_files=off --write_settings_files=off orpsoc_top -c orpsoc_top
quartus_asm --read_settings_files=off --write_settings_files=off orpsoc_top -c orpsoc_top
quartus_sta orpsoc_top -c orpsoc_top
quartus_eda --read_settings_files=off --write_settings_files=off orpsoc_top -c orpsoc_top



